<?xml version="1.0" encoding="UTF-8"?>
<!-- Generated by org.testng.reporters.JUnitReportReporter -->
<testsuite skipped="0" hostname="DESKTOP-00S2SDK" name="growfitter.Login" tests="2" failures="0" timestamp="2020-08-29T23:51:33 IST" time="150.045" errors="0">
  <testcase name="loginRewardUser" time="77.130" classname="growfitter.Login"/>
  <testcase name="loginRewardUser" time="72.915" classname="growfitter.Login"/>
</testsuite> <!-- growfitter.Login -->
