<?xml version="1.0" encoding="UTF-8"?>
<!-- Generated by org.testng.reporters.JUnitReportReporter -->
<testsuite skipped="0" hostname="DESKTOP-00S2SDK" name="growfitter.fitkit.TestInvoke" tests="1" failures="0" timestamp="2020-08-16T02:16:24 IST" time="38.511" errors="0">
  <testcase name="invokeFitkit" time="38.511" classname="growfitter.fitkit.TestInvoke"/>
</testsuite> <!-- growfitter.fitkit.TestInvoke -->
