<?xml version="1.0" encoding="UTF-8"?>
<!-- Generated by org.testng.reporters.JUnitReportReporter -->
<testsuite skipped="0" hostname="DESKTOP-00S2SDK" name="growfitter.fitkit.Ecommerce_tc_4" tests="1" failures="0" timestamp="2020-08-15T23:42:40 IST" time="60.566" errors="0">
  <testcase name="totalValidation" time="60.566" classname="growfitter.fitkit.Ecommerce_tc_4"/>
</testsuite> <!-- growfitter.fitkit.Ecommerce_tc_4 -->
