<?xml version="1.0" encoding="UTF-8"?>
<!-- Generated by org.testng.reporters.JUnitReportReporter -->
<testsuite skipped="0" hostname="DESKTOP-00S2SDK" name="practise.AppiumFramework.Ecommerce_tc_4" tests="1" failures="0" timestamp="2020-08-11T23:35:40 IST" time="59.438" errors="0">
  <testcase name="totalValidation" time="59.438" classname="practise.AppiumFramework.Ecommerce_tc_4"/>
</testsuite> <!-- practise.AppiumFramework.Ecommerce_tc_4 -->
