<?xml version="1.0" encoding="UTF-8"?>
<!-- Generated by org.testng.reporters.JUnitReportReporter -->
<testsuite skipped="0" hostname="DESKTOP-00S2SDK" name="practise.AppiumFramework.ApiDemoTest" tests="2" failures="0" timestamp="2020-08-11T23:35:40 IST" time="101.843" errors="0">
  <testcase name="apiDemo" time="50.621" classname="practise.AppiumFramework.ApiDemoTest"/>
  <testcase name="apiDemo" time="51.222" classname="practise.AppiumFramework.ApiDemoTest"/>
</testsuite> <!-- practise.AppiumFramework.ApiDemoTest -->
