<?xml version="1.0" encoding="UTF-8"?>
<!-- Generated by org.testng.reporters.JUnitReportReporter -->
<testsuite skipped="0" hostname="DESKTOP-00S2SDK" name="growfitter.fitkit.Login" tests="2" failures="0" timestamp="2020-08-22T01:38:23 IST" time="150.970" errors="0">
  <testcase name="loginRewardUser" time="78.770" classname="growfitter.fitkit.Login"/>
  <testcase name="loginRewardUser" time="72.200" classname="growfitter.fitkit.Login"/>
</testsuite> <!-- growfitter.fitkit.Login -->
