<?xml version="1.0" encoding="UTF-8"?>
<!-- Generated by org.testng.reporters.JUnitReportReporter -->
<testsuite skipped="0" hostname="DESKTOP-00S2SDK" name="growfitter.fitkit.ApiDemoTest" tests="2" failures="0" timestamp="2020-08-15T23:42:40 IST" time="103.612" errors="0">
  <testcase name="apiDemo" time="51.695" classname="growfitter.fitkit.ApiDemoTest"/>
  <testcase name="apiDemo" time="51.917" classname="growfitter.fitkit.ApiDemoTest"/>
</testsuite> <!-- growfitter.fitkit.ApiDemoTest -->
