<?xml version="1.0" encoding="UTF-8"?>
<!-- Generated by org.testng.reporters.JUnitReportReporter -->
<testsuite skipped="0" hostname="DESKTOP-00S2SDK" name="fitkit.Sessions" tests="2" failures="0" timestamp="2020-08-31T14:29:25 IST" time="7.299" errors="0">
  <testcase name="validateSessionCount" time="0.528" classname="fitkit.Sessions"/>
  <testcase name="openSessions" time="6.771" classname="fitkit.Sessions"/>
</testsuite> <!-- fitkit.Sessions -->
