<?xml version="1.0" encoding="UTF-8"?>
<!-- Generated by org.testng.reporters.JUnitReportReporter -->
<testsuite skipped="0" hostname="DESKTOP-00S2SDK" name="growfitter.Login" tests="2" failures="0" timestamp="2020-08-29T01:28:43 IST" time="166.718" errors="0">
  <testcase name="loginRewardUser" time="95.118" classname="growfitter.Login"/>
  <testcase name="loginRewardUser" time="71.600" classname="growfitter.Login"/>
</testsuite> <!-- growfitter.Login -->
